<?xml version="1.0" encoding="UTF-8"?>
<testsuites>
  <testsuite name="Phing Batchtest" tests="1" assertions="1" failures="0" errors="0" time="0.001932">
    <testsuite name="HelloWorldTest" file="/home/druid/dev/phing/trunk/docs/example/src/HelloWorldTest.php" fullPackage="hello.world" package="hello.world" tests="1" assertions="1" failures="0" errors="0" time="0.001932">
      <testcase name="testSayHello" class="HelloWorldTest" file="/home/druid/dev/phing/trunk/docs/example/src/HelloWorldTest.php" line="15" assertions="1" time="0.001932"/>
    </testsuite>
  </testsuite>
</testsuites>
